L 04/18/2020 - 04:59:19: Log file started (file "logs/L0418002.log") (game "ns") (version "48/1.1.2.2/Stdio/8308")
L 04/18/2020 - 04:59:19: Loading map "ns_veil"
L 04/18/2020 - 04:59:19: Server cvars start
L 04/18/2020 - 04:59:19: Server cvar "coop" = "0"
L 04/18/2020 - 04:59:19: Server cvar "deathmatch" = "1"
L 04/18/2020 - 04:59:19: Server cvar "decalfrequency" = "30"
L 04/18/2020 - 04:59:19: Server cvar "edgefriction" = "2"
L 04/18/2020 - 04:59:19: Server cvar "max_queries_sec" = "3.0"
L 04/18/2020 - 04:59:19: Server cvar "max_queries_sec_global" = "30"
L 04/18/2020 - 04:59:19: Server cvar "max_queries_window" = "60"
L 04/18/2020 - 04:59:19: Server cvar "mp_allowmonsters" = "0"
L 04/18/2020 - 04:59:19: Server cvar "mp_allowspectators" = "1.0"
L 04/18/2020 - 04:59:19: Server cvar "mp_autoconcede" = "4"
L 04/18/2020 - 04:59:19: Server cvar "mp_autocrosshair" = "0"
L 04/18/2020 - 04:59:19: Server cvar "mp_blockscripts" = "0"
L 04/18/2020 - 04:59:19: Server cvar "mp_chattime" = "10"
L 04/18/2020 - 04:59:19: Server cvar "mp_combattime" = "15"
L 04/18/2020 - 04:59:19: Server cvar "mp_consistency" = "1"
L 04/18/2020 - 04:59:19: Server cvar "mp_countdowntime" = ".2"
L 04/18/2020 - 04:59:19: Server cvar "mp_deathmatchmode" = "0"
L 04/18/2020 - 04:59:19: Server cvar "mp_drawdamage" = "0"
L 04/18/2020 - 04:59:19: Server cvar "mp_eastereggchance" = "5"
L 04/18/2020 - 04:59:19: Server cvar "mp_falldamage" = "1"
L 04/18/2020 - 04:59:19: Server cvar "mp_flashlight" = "1"
L 04/18/2020 - 04:59:19: Server cvar "mp_footsteps" = "1"
L 04/18/2020 - 04:59:19: Server cvar "mp_forcerespawn" = "1"
L 04/18/2020 - 04:59:19: Server cvar "mp_fraglimit" = "0"
L 04/18/2020 - 04:59:19: Server cvar "mp_fragsleft" = "0"
L 04/18/2020 - 04:59:19: Server cvar "mp_friendlyfire" = "1"
L 04/18/2020 - 04:59:19: Server cvar "mp_ironman" = "0"
L 04/18/2020 - 04:59:19: Server cvar "mp_ironmantime" = "2"
L 04/18/2020 - 04:59:19: Server cvar "mp_killdelay" = "3"
L 04/18/2020 - 04:59:19: Server cvar "mp_latejointime" = "1.5"
L 04/18/2020 - 04:59:19: Server cvar "mp_logdetail" = "0"
L 04/18/2020 - 04:59:19: Server cvar "mp_logfile" = "1"
L 04/18/2020 - 04:59:19: Server cvar "mp_mapvoteratio" = ".6"
L 04/18/2020 - 04:59:19: Server cvar "mp_minvotesneeded" = "3"
L 04/18/2020 - 04:59:19: Server cvar "mp_team1damagepercent" = "100"
L 04/18/2020 - 04:59:19: Server cvar "mp_team2damagepercent" = "100"
L 04/18/2020 - 04:59:19: Server cvar "mp_team3damagepercent" = "100"
L 04/18/2020 - 04:59:19: Server cvar "mp_team4damagepercent" = "100"
L 04/18/2020 - 04:59:19: Server cvar "mp_teamlist" = "marine1;alien2"
L 04/18/2020 - 04:59:19: Server cvar "mp_teamplay" = "0"
L 04/18/2020 - 04:59:19: Server cvar "mp_timeleft" = "0"
L 04/18/2020 - 04:59:19: Server cvar "mp_timelimit" = "0"
L 04/18/2020 - 04:59:19: Server cvar "mp_tournamentmode" = "1"
L 04/18/2020 - 04:59:19: Server cvar "mp_uplink" = "1"
L 04/18/2020 - 04:59:19: Server cvar "mp_votecasttime" = "2"
L 04/18/2020 - 04:59:19: Server cvar "mp_votedowntime" = "90"
L 04/18/2020 - 04:59:19: Server cvar "mp_votepercentneeded" = ".55"
L 04/18/2020 - 04:59:19: Server cvar "mp_weaponstay" = ".5"
L 04/18/2020 - 04:59:19: Server cvar "pausable" = "0"
L 04/18/2020 - 04:59:19: Server cvar "sv_accelerate" = "10"
L 04/18/2020 - 04:59:19: Server cvar "sv_aim" = "0"
L 04/18/2020 - 04:59:19: Server cvar "sv_airaccelerate" = "10"
L 04/18/2020 - 04:59:19: Server cvar "sv_allowupload" = "1"
L 04/18/2020 - 04:59:19: Server cvar "sv_bounce" = "1"
L 04/18/2020 - 04:59:19: Server cvar "sv_cheats" = "0"
L 04/18/2020 - 04:59:19: Server cvar "sv_clienttrace" = "3.5"
L 04/18/2020 - 04:59:19: Server cvar "sv_contact" = ""
L 04/18/2020 - 04:59:19: Server cvar "sv_friction" = "4"
L 04/18/2020 - 04:59:19: Server cvar "sv_gravity" = "800"
L 04/18/2020 - 04:59:19: Server cvar "sv_jumpmode" = "1"
L 04/18/2020 - 04:59:19: Server cvar "sv_logblocks" = "0"
L 04/18/2020 - 04:59:19: Server cvar "sv_maxrate" = "25000"
L 04/18/2020 - 04:59:19: Server cvar "sv_maxspeed" = "4000"
L 04/18/2020 - 04:59:19: Server cvar "sv_minrate" = "10000"
L 04/18/2020 - 04:59:19: Se